Determining if the pthread_create exist failed with the following output:
Change Dir: /home/lea/Documents/OpenGLIMAC/GLImac-Template-build/CMakeFiles/CMakeTmp

Run Build Command:/usr/bin/make "cmTryCompileExec3176680263/fast"
/usr/bin/make -f CMakeFiles/cmTryCompileExec3176680263.dir/build.make CMakeFiles/cmTryCompileExec3176680263.dir/build
make[1]: entrant dans le répertoire « /home/lea/Documents/OpenGLIMAC/GLImac-Template-build/CMakeFiles/CMakeTmp »
/usr/bin/cmake -E cmake_progress_report /home/lea/Documents/OpenGLIMAC/GLImac-Template-build/CMakeFiles/CMakeTmp/CMakeFiles 1
Building C object CMakeFiles/cmTryCompileExec3176680263.dir/CheckSymbolExists.c.o
/usr/bin/cc    -o CMakeFiles/cmTryCompileExec3176680263.dir/CheckSymbolExists.c.o   -c /home/lea/Documents/OpenGLIMAC/GLImac-Template-build/CMakeFiles/CMakeTmp/CheckSymbolExists.c
Linking C executable cmTryCompileExec3176680263
/usr/bin/cmake -E cmake_link_script CMakeFiles/cmTryCompileExec3176680263.dir/link.txt --verbose=1
/usr/bin/cc       CMakeFiles/cmTryCompileExec3176680263.dir/CheckSymbolExists.c.o  -o cmTryCompileExec3176680263 -rdynamic 
CMakeFiles/cmTryCompileExec3176680263.dir/CheckSymbolExists.c.o: dans la fonction « main »:
CheckSymbolExists.c:(.text+0x16): référence indéfinie vers « pthread_create »
collect2: error: ld returned 1 exit status
make[1]: *** [cmTryCompileExec3176680263] Erreur 1
make[1]: quittant le répertoire « /home/lea/Documents/OpenGLIMAC/GLImac-Template-build/CMakeFiles/CMakeTmp »
make: *** [cmTryCompileExec3176680263/fast] Erreur 2

File /home/lea/Documents/OpenGLIMAC/GLImac-Template-build/CMakeFiles/CMakeTmp/CheckSymbolExists.c:
/* */
#include <pthread.h>

int main(int argc, char** argv)
{
  (void)argv;
#ifndef pthread_create
  return ((int*)(&pthread_create))[argc];
#else
  (void)argc;
  return 0;
#endif
}

Determining if the function pthread_create exists in the pthreads failed with the following output:
Change Dir: /home/lea/Documents/OpenGLIMAC/GLImac-Template-build/CMakeFiles/CMakeTmp

Run Build Command:/usr/bin/make "cmTryCompileExec5346679/fast"
/usr/bin/make -f CMakeFiles/cmTryCompileExec5346679.dir/build.make CMakeFiles/cmTryCompileExec5346679.dir/build
make[1]: entrant dans le répertoire « /home/lea/Documents/OpenGLIMAC/GLImac-Template-build/CMakeFiles/CMakeTmp »
/usr/bin/cmake -E cmake_progress_report /home/lea/Documents/OpenGLIMAC/GLImac-Template-build/CMakeFiles/CMakeTmp/CMakeFiles 1
Building C object CMakeFiles/cmTryCompileExec5346679.dir/CheckFunctionExists.c.o
/usr/bin/cc   -DCHECK_FUNCTION_EXISTS=pthread_create   -o CMakeFiles/cmTryCompileExec5346679.dir/CheckFunctionExists.c.o   -c /usr/share/cmake-2.8/Modules/CheckFunctionExists.c
Linking C executable cmTryCompileExec5346679
/usr/bin/cmake -E cmake_link_script CMakeFiles/cmTryCompileExec5346679.dir/link.txt --verbose=1
/usr/bin/cc   -DCHECK_FUNCTION_EXISTS=pthread_create    CMakeFiles/cmTryCompileExec5346679.dir/CheckFunctionExists.c.o  -o cmTryCompileExec5346679 -rdynamic -lpthreads 
/usr/bin/ld: ne peut trouver -lpthreads
collect2: error: ld returned 1 exit status
make[1]: *** [cmTryCompileExec5346679] Erreur 1
make[1]: quittant le répertoire « /home/lea/Documents/OpenGLIMAC/GLImac-Template-build/CMakeFiles/CMakeTmp »
make: *** [cmTryCompileExec5346679/fast] Erreur 2


